Generic::Expand: GenericTypeKind::Map(std :: collections :: BTreeMap < u32 , Vec < u8 > >) ----
GenericTypeKind -> FFIFullPath --> GenericTypeKind::Vec(Vec < u8 >)
GenericTypeKind -> FFIFullPath <-- crate :: fermented :: generics :: Vec_u8
VariableComposer (compose): usize (usize) in [crate::generics(Mod + Unknown)]
VariableComposer (NonSpecial): usize in [crate::generics(Mod + Unknown)]
VariableComposer (compose) RESULT: usize
VariableComposer (compose): * mut u32 (* mut u32) in [crate::generics(Mod + Unknown)]
VariableComposer (NonSpecial): * mut u32 in [crate::generics(Mod + Unknown)]
VariableComposer (compose) RESULT: * mut u32
VariableComposer (compose): * mut * mut crate :: fermented :: generics :: Vec_u8 (* mut * mut crate :: fermented :: generics :: Vec_u8) in [crate::generics(Mod + Unknown)]
VariableComposer (NonSpecial): * mut * mut crate :: fermented :: generics :: Vec_u8 in [crate::generics(Mod + Unknown)]
VariableComposer (compose) RESULT: * mut * mut crate :: fermented :: generics :: Vec_u8
VariableComposer (compose): usize (usize) in [crate::generics(Mod + Unknown)]
VariableComposer (NonSpecial): usize in [crate::generics(Mod + Unknown)]
VariableComposer (compose) RESULT: usize
VariableComposer (compose): * mut u32 (* mut u32) in [crate::generics(Mod + Unknown)]
VariableComposer (NonSpecial): * mut u32 in [crate::generics(Mod + Unknown)]
VariableComposer (compose) RESULT: * mut u32
VariableComposer (compose): * mut * mut crate :: fermented :: generics :: Vec_u8 (* mut * mut crate :: fermented :: generics :: Vec_u8) in [crate::generics(Mod + Unknown)]
VariableComposer (NonSpecial): * mut * mut crate :: fermented :: generics :: Vec_u8 in [crate::generics(Mod + Unknown)]
VariableComposer (compose) RESULT: * mut * mut crate :: fermented :: generics :: Vec_u8
